[debug] [2025-06-26T09:00:14.802Z] ----------------------------------------------------------------------
[debug] [2025-06-26T09:00:14.824Z] Command:       /nix/store/rbdrkcs5kkwpalxcd7c6bnm33lk2955n-nodejs-20.19.0/bin/node /nix/store/fprgfkwna33crhc86jqbf5878piivvgw-firebase-tools-14.7.0/lib/node_modules/firebase-tools/lib/bin/firebase.js deploy --only functions --project=mbad-c532e
[debug] [2025-06-26T09:00:14.825Z] CLI Version:   14.7.0
[debug] [2025-06-26T09:00:14.829Z] Platform:      linux
[debug] [2025-06-26T09:00:14.829Z] Node Version:  v20.19.0
[debug] [2025-06-26T09:00:14.829Z] Time:          Thu Jun 26 2025 09:00:14 GMT+0000 (Coordinated Universal Time)
[debug] [2025-06-26T09:00:14.830Z] ----------------------------------------------------------------------
[debug] 
[debug] [2025-06-26T09:00:16.286Z] > command requires scopes: ["email","openid","https://www.googleapis.com/auth/cloudplatformprojects.readonly","https://www.googleapis.com/auth/firebase","https://www.googleapis.com/auth/cloud-platform"]
[debug] [2025-06-26T09:00:16.294Z] > authorizing via signed-in user (ssky2597@gmail.com)
[debug] [2025-06-26T09:00:16.294Z] [iam] checking project mbad-c532e for permissions ["cloudfunctions.functions.create","cloudfunctions.functions.delete","cloudfunctions.functions.get","cloudfunctions.functions.list","cloudfunctions.functions.update","cloudfunctions.operations.get","firebase.projects.get"]
[debug] [2025-06-26T09:00:16.311Z] Checked if tokens are valid: true, expires at: 1750930900928
[debug] [2025-06-26T09:00:16.314Z] Checked if tokens are valid: true, expires at: 1750930900928
[debug] [2025-06-26T09:00:16.323Z] >>> [apiv2][query] POST https://cloudresourcemanager.googleapis.com/v1/projects/mbad-c532e:testIamPermissions [none]
[debug] [2025-06-26T09:00:16.324Z] >>> [apiv2][(partial)header] POST https://cloudresourcemanager.googleapis.com/v1/projects/mbad-c532e:testIamPermissions x-goog-quota-user=projects/mbad-c532e
[debug] [2025-06-26T09:00:16.324Z] >>> [apiv2][body] POST https://cloudresourcemanager.googleapis.com/v1/projects/mbad-c532e:testIamPermissions {"permissions":["cloudfunctions.functions.create","cloudfunctions.functions.delete","cloudfunctions.functions.get","cloudfunctions.functions.list","cloudfunctions.functions.update","cloudfunctions.operations.get","firebase.projects.get"]}
[debug] [2025-06-26T09:00:17.530Z] <<< [apiv2][status] POST https://cloudresourcemanager.googleapis.com/v1/projects/mbad-c532e:testIamPermissions 200
[debug] [2025-06-26T09:00:17.532Z] <<< [apiv2][body] POST https://cloudresourcemanager.googleapis.com/v1/projects/mbad-c532e:testIamPermissions {"permissions":["cloudfunctions.functions.create","cloudfunctions.functions.delete","cloudfunctions.functions.get","cloudfunctions.functions.list","cloudfunctions.functions.update","cloudfunctions.operations.get","firebase.projects.get"]}
[debug] [2025-06-26T09:00:17.539Z] Checked if tokens are valid: true, expires at: 1750930900928
[debug] [2025-06-26T09:00:17.539Z] Checked if tokens are valid: true, expires at: 1750930900928
[debug] [2025-06-26T09:00:17.540Z] >>> [apiv2][query] POST https://iam.googleapis.com/v1/projects/mbad-c532e/serviceAccounts/mbad-c532e@appspot.gserviceaccount.com:testIamPermissions [none]
[debug] [2025-06-26T09:00:17.540Z] >>> [apiv2][body] POST https://iam.googleapis.com/v1/projects/mbad-c532e/serviceAccounts/mbad-c532e@appspot.gserviceaccount.com:testIamPermissions {"permissions":["iam.serviceAccounts.actAs"]}
[debug] [2025-06-26T09:00:18.595Z] <<< [apiv2][status] POST https://iam.googleapis.com/v1/projects/mbad-c532e/serviceAccounts/mbad-c532e@appspot.gserviceaccount.com:testIamPermissions 200
[debug] [2025-06-26T09:00:18.597Z] <<< [apiv2][body] POST https://iam.googleapis.com/v1/projects/mbad-c532e/serviceAccounts/mbad-c532e@appspot.gserviceaccount.com:testIamPermissions {"permissions":["iam.serviceAccounts.actAs"]}
[info] 
[info] === Deploying to 'mbad-c532e'...
[info] 
[info] i  deploying functions 
[info] Running command: npm --prefix "$RESOURCE_DIR" run build
